{"C:\\Users\\onesw\\OneDrive\\Escritorio\\Laboratoria\\BQ\\Burger-Queen Li-Ja\\suma.js": {"path":"C:\\Users\\onesw\\OneDrive\\Escritorio\\Laboratoria\\BQ\\Burger-Queen Li-Ja\\suma.js","statementMap":{"0":{"start":{"line":2,"column":4},"end":{"line":2,"column":17}},"1":{"start":{"line":5,"column":4},"end":{"line":5,"column":26}}},"fnMap":{"0":{"name":"suma","decl":{"start":{"line":1,"column":9},"end":{"line":1,"column":13}},"loc":{"start":{"line":1,"column":20},"end":{"line":3,"column":5}},"line":1}},"branchMap":{},"s":{"0":1,"1":1},"f":{"0":1},"b":{},"_coverageSchema":"1a1c01bbd47fc00a2c39e90264f33305004495a9","hash":"6bb96f49c1599a6a01bb6d56817f6bda2869257b"}
}
